2022-02-11 08:02:48,212 INFO org.springframework.boot.StartupInfoLogger [main] Starting QueryHandlerTest on SpeedyGonzales with PID 19164 (started by Selina in D:\FundUS_final\mi-fundus-2122\server\digsite-visualization)
2022-02-11 08:02:48,221 INFO org.springframework.boot.SpringApplication [main] No active profile set, falling back to default profiles: default
2022-02-11 08:02:49,038 INFO org.springframework.scheduling.concurrent.ExecutorConfigurationSupport [main] Initializing ExecutorService 'applicationTaskExecutor'
2022-02-11 08:02:49,091 INFO org.springframework.boot.autoconfigure.web.servlet.WelcomePageHandlerMapping [main] Adding welcome page template: index
2022-02-11 08:02:49,290 INFO org.springframework.boot.StartupInfoLogger [main] Started QueryHandlerTest in 1.403 seconds (JVM running for 2.047)
2022-02-11 08:02:49,532 INFO de.andrews.digsitevisualization.calculation.query.QueryHandler [main] created query: {"column":"COL1","values":["'val1'"],"additionalParts":[]}
2022-02-11 08:02:49,542 INFO de.andrews.digsitevisualization.calculation.query.QueryHandler [main] created query: {"column":"COL1","values":["'val1'"],"additionalParts":[]}
2022-02-11 08:02:49,543 INFO de.andrews.digsitevisualization.calculation.query.QueryHandler [main] created query: {"column":"COL1","values":["'val1'","'val2'"],"additionalParts":[]}
2022-02-11 08:02:49,544 INFO de.andrews.digsitevisualization.calculation.query.QueryHandler [main] created query: {"column":"COL1","values":["'val1'","'val2'"],"additionalParts":[{"operator":"AND","column":"COL2","values":["'val3'","'val4'"]}]}
2022-02-11 08:02:49,545 INFO de.andrews.digsitevisualization.calculation.query.QueryHandler [main] created query: {"column":"COL1","values":["'val1'","'val2'"],"additionalParts":[{"operator":"OR","column":"COL2","values":["'val3'","'val4'"]},{"operator":"AND","column":"COL3","values":["'val5'","'val6'"]}]}
2022-02-11 08:02:49,547 INFO de.andrews.digsitevisualization.calculation.query.QueryHandler [main] created query: {"column":"COL1","values":["'val1'"],"additionalParts":[{"operator":"OR","column":"COL2","values":["'val2'","'val3'"]}]}
2022-02-11 08:02:49,551 INFO de.andrews.digsitevisualization.calculation.query.QueryHandler [main] created query: {"column":"BEST","values":["'TOPO'","'SURFACE'"],"additionalParts":[]}
2022-02-11 08:02:49,554 INFO de.andrews.digsitevisualization.calculation.query.QueryHandler [main] Extraxted following query parts: [null[[digsiteyear.1.1, digsiteyear.2.2, digsiteyear.3.3, digsiteyear.4.4]]]
2022-02-11 08:02:49,556 INFO de.andrews.digsitevisualization.calculation.query.QueryHandler [main] created query: {"column":"BEST","values":["'TOPO'","'SURFACE'"],"additionalParts":[{"operator":"AND","column":"BEMERK","values":["'not:rot'"]}]}
2022-02-11 08:02:49,557 INFO de.andrews.digsitevisualization.calculation.query.QueryHandler [main] Extraxted following query parts: [null[[digsiteyear.1.1, digsiteyear.2.2, digsiteyear.3.3, digsiteyear.4.4]], AND[[digsiteyear.1.1, digsiteyear.2.2, digsiteyear.6.6]]]
2022-02-11 08:02:49,564 INFO de.andrews.digsitevisualization.calculation.query.QueryHandler [main] created query: {"column":"BEST","values":["'TOPO'"],"additionalParts":[{"operator":"OR","column":"BEMERK","values":["'gruen'"]}]}
2022-02-11 08:02:49,565 INFO de.andrews.digsitevisualization.calculation.query.QueryHandler [main] Extraxted following query parts: [null[[digsiteyear.1.1, digsiteyear.4.4]], OR[[digsiteyear.1.1, digsiteyear.2.2, digsiteyear.6.6]]]
2022-02-11 08:02:49,566 INFO de.andrews.digsitevisualization.calculation.query.QueryHandler [main] created query: {"column":"BEST","values":["'TOPO'"],"additionalParts":[{"operator":"or","column":"BEMERK","values":["'not:gruen'"]}]}
2022-02-11 08:02:49,566 INFO de.andrews.digsitevisualization.calculation.query.QueryHandler [main] Extraxted following query parts: [null[[digsiteyear.1.1, digsiteyear.4.4]], or[[digsiteyear.3.3, digsiteyear.4.4, digsiteyear.5.5]]]
2022-02-11 08:02:49,567 INFO de.andrews.digsitevisualization.calculation.query.QueryHandler [main] created query: {"column":"BEST","values":["'not:TOPO'"],"additionalParts":[{"operator":"or","column":"BEMERK","values":["'not:gruen'"]}]}
2022-02-11 08:02:49,568 INFO de.andrews.digsitevisualization.calculation.query.QueryHandler [main] Extraxted following query parts: [null[[digsiteyear.2.2, digsiteyear.3.3, digsiteyear.5.5, digsiteyear.6.6]], or[[digsiteyear.3.3, digsiteyear.4.4, digsiteyear.5.5]]]
2022-02-11 08:02:49,569 INFO de.andrews.digsitevisualization.calculation.query.QueryHandler [main] created query: {"column":"BEST","values":["'TOPO'"],"additionalParts":[{"operator":"and","column":"BEMERK","values":["'gruen'"]}]}
2022-02-11 08:02:49,569 INFO de.andrews.digsitevisualization.calculation.query.QueryHandler [main] Extraxted following query parts: [null[[digsiteyear.1.1, digsiteyear.4.4]], and[[digsiteyear.1.1, digsiteyear.2.2, digsiteyear.6.6]]]
2022-02-11 08:02:49,570 INFO de.andrews.digsitevisualization.calculation.query.QueryHandler [main] created query: {"column":"BEST","values":["'TOPO'"],"additionalParts":[{"operator":"and","column":"BEMERK","values":["'not:gruen'"]}]}
2022-02-11 08:02:49,571 INFO de.andrews.digsitevisualization.calculation.query.QueryHandler [main] Extraxted following query parts: [null[[digsiteyear.1.1, digsiteyear.4.4]], and[[digsiteyear.3.3, digsiteyear.4.4, digsiteyear.5.5]]]
2022-02-11 08:02:49,571 INFO de.andrews.digsitevisualization.calculation.query.QueryHandler [main] created query: {"column":"BEST","values":["'not:TOPO'"],"additionalParts":[{"operator":"and","column":"BEMERK","values":["'not:gruen'"]}]}
2022-02-11 08:02:49,572 INFO de.andrews.digsitevisualization.calculation.query.QueryHandler [main] Extraxted following query parts: [null[[digsiteyear.2.2, digsiteyear.3.3, digsiteyear.5.5, digsiteyear.6.6]], and[[digsiteyear.3.3, digsiteyear.4.4, digsiteyear.5.5]]]
2022-02-11 08:02:49,580 INFO org.springframework.test.context.support.AbstractTestContextBootstrapper [main] Neither @ContextConfiguration nor @ContextHierarchy found for test class [de.andrews.digsitevisualization.DigsiteVisualizationApplicationTests], using SpringBootContextLoader
2022-02-11 08:02:49,580 INFO org.springframework.test.context.support.AbstractContextLoader [main] Could not detect default resource locations for test class [de.andrews.digsitevisualization.DigsiteVisualizationApplicationTests]: no resource found for suffixes {-context.xml, Context.groovy}.
2022-02-11 08:02:49,581 INFO org.springframework.test.context.support.AnnotationConfigContextLoaderUtils [main] Could not detect default configuration classes for test class [de.andrews.digsitevisualization.DigsiteVisualizationApplicationTests]: DigsiteVisualizationApplicationTests does not declare any static, non-private, non-final, nested classes annotated with @Configuration.
2022-02-11 08:02:49,586 INFO org.springframework.boot.test.context.SpringBootTestContextBootstrapper [main] Found @SpringBootConfiguration de.andrews.digsitevisualization.DigsiteVisualizationApplication for test class de.andrews.digsitevisualization.DigsiteVisualizationApplicationTests
2022-02-11 08:02:49,587 INFO org.springframework.test.context.support.AbstractTestContextBootstrapper [main] Loaded default TestExecutionListener class names from location [META-INF/spring.factories]: [org.springframework.boot.test.mock.mockito.MockitoTestExecutionListener, org.springframework.boot.test.mock.mockito.ResetMocksTestExecutionListener, org.springframework.boot.test.autoconfigure.restdocs.RestDocsTestExecutionListener, org.springframework.boot.test.autoconfigure.web.client.MockRestServiceServerResetTestExecutionListener, org.springframework.boot.test.autoconfigure.web.servlet.MockMvcPrintOnlyOnFailureTestExecutionListener, org.springframework.boot.test.autoconfigure.web.servlet.WebDriverTestExecutionListener, org.springframework.test.context.web.ServletTestExecutionListener, org.springframework.test.context.support.DirtiesContextBeforeModesTestExecutionListener, org.springframework.test.context.support.DependencyInjectionTestExecutionListener, org.springframework.test.context.support.DirtiesContextTestExecutionListener, org.springframework.test.context.transaction.TransactionalTestExecutionListener, org.springframework.test.context.jdbc.SqlScriptsTestExecutionListener, org.springframework.test.context.event.EventPublishingTestExecutionListener]
2022-02-11 08:02:49,588 INFO org.springframework.test.context.support.AbstractTestContextBootstrapper [main] Using TestExecutionListeners: [org.springframework.test.context.web.ServletTestExecutionListener@5b1c32e4, org.springframework.test.context.support.DirtiesContextBeforeModesTestExecutionListener@2bab618, org.springframework.boot.test.mock.mockito.MockitoTestExecutionListener@48bc2fce, org.springframework.boot.test.autoconfigure.SpringBootDependencyInjectionTestExecutionListener@1eca3ea7, org.springframework.test.context.support.DirtiesContextTestExecutionListener@24fba488, org.springframework.test.context.transaction.TransactionalTestExecutionListener@73a6cc79, org.springframework.test.context.jdbc.SqlScriptsTestExecutionListener@5a4d4f9c, org.springframework.test.context.event.EventPublishingTestExecutionListener@153d6d74, org.springframework.boot.test.mock.mockito.ResetMocksTestExecutionListener@6c9b44bf, org.springframework.boot.test.autoconfigure.restdocs.RestDocsTestExecutionListener@299b9851, org.springframework.boot.test.autoconfigure.web.client.MockRestServiceServerResetTestExecutionListener@191a0351, org.springframework.boot.test.autoconfigure.web.servlet.MockMvcPrintOnlyOnFailureTestExecutionListener@67328bcb, org.springframework.boot.test.autoconfigure.web.servlet.WebDriverTestExecutionListener@51ba952e]
2022-02-11 08:02:49,608 INFO org.springframework.scheduling.concurrent.ExecutorConfigurationSupport [SpringContextShutdownHook] Shutting down ExecutorService 'applicationTaskExecutor'
2022-02-11 08:02:56,205 INFO org.springframework.boot.StartupInfoLogger [main] Starting QueryHandlerTest on SpeedyGonzales with PID 2304 (started by Selina in D:\FundUS_final\mi-fundus-2122\server\digsite-visualization)
2022-02-11 08:02:56,206 INFO org.springframework.boot.SpringApplication [main] No active profile set, falling back to default profiles: default
2022-02-11 08:02:56,867 INFO org.springframework.scheduling.concurrent.ExecutorConfigurationSupport [main] Initializing ExecutorService 'applicationTaskExecutor'
2022-02-11 08:02:56,927 INFO org.springframework.boot.autoconfigure.web.servlet.WelcomePageHandlerMapping [main] Adding welcome page template: index
2022-02-11 08:02:57,106 INFO org.springframework.boot.StartupInfoLogger [main] Started QueryHandlerTest in 1.07 seconds (JVM running for 1.547)
2022-02-11 08:02:57,313 INFO de.andrews.digsitevisualization.calculation.query.QueryHandler [main] created query: {"column":"COL1","values":["'val1'"],"additionalParts":[]}
2022-02-11 08:02:57,323 INFO de.andrews.digsitevisualization.calculation.query.QueryHandler [main] created query: {"column":"COL1","values":["'val1'"],"additionalParts":[]}
2022-02-11 08:02:57,323 INFO de.andrews.digsitevisualization.calculation.query.QueryHandler [main] created query: {"column":"COL1","values":["'val1'","'val2'"],"additionalParts":[]}
2022-02-11 08:02:57,324 INFO de.andrews.digsitevisualization.calculation.query.QueryHandler [main] created query: {"column":"COL1","values":["'val1'","'val2'"],"additionalParts":[{"operator":"AND","column":"COL2","values":["'val3'","'val4'"]}]}
2022-02-11 08:02:57,325 INFO de.andrews.digsitevisualization.calculation.query.QueryHandler [main] created query: {"column":"COL1","values":["'val1'","'val2'"],"additionalParts":[{"operator":"OR","column":"COL2","values":["'val3'","'val4'"]},{"operator":"AND","column":"COL3","values":["'val5'","'val6'"]}]}
2022-02-11 08:02:57,326 INFO de.andrews.digsitevisualization.calculation.query.QueryHandler [main] created query: {"column":"COL1","values":["'val1'"],"additionalParts":[{"operator":"OR","column":"COL2","values":["'val2'","'val3'"]}]}
2022-02-11 08:02:57,329 INFO de.andrews.digsitevisualization.calculation.query.QueryHandler [main] created query: {"column":"BEST","values":["'TOPO'","'SURFACE'"],"additionalParts":[]}
2022-02-11 08:02:57,331 INFO de.andrews.digsitevisualization.calculation.query.QueryHandler [main] Extraxted following query parts: [null[[digsiteyear.1.1, digsiteyear.2.2, digsiteyear.3.3, digsiteyear.4.4]]]
2022-02-11 08:02:57,333 INFO de.andrews.digsitevisualization.calculation.query.QueryHandler [main] created query: {"column":"BEST","values":["'TOPO'","'SURFACE'"],"additionalParts":[{"operator":"AND","column":"BEMERK","values":["'not:rot'"]}]}
2022-02-11 08:02:57,333 INFO de.andrews.digsitevisualization.calculation.query.QueryHandler [main] Extraxted following query parts: [null[[digsiteyear.1.1, digsiteyear.2.2, digsiteyear.3.3, digsiteyear.4.4]], AND[[digsiteyear.1.1, digsiteyear.2.2, digsiteyear.6.6]]]
2022-02-11 08:02:57,340 INFO de.andrews.digsitevisualization.calculation.query.QueryHandler [main] created query: {"column":"BEST","values":["'TOPO'"],"additionalParts":[{"operator":"OR","column":"BEMERK","values":["'gruen'"]}]}
2022-02-11 08:02:57,341 INFO de.andrews.digsitevisualization.calculation.query.QueryHandler [main] Extraxted following query parts: [null[[digsiteyear.1.1, digsiteyear.4.4]], OR[[digsiteyear.1.1, digsiteyear.2.2, digsiteyear.6.6]]]
2022-02-11 08:02:57,342 INFO de.andrews.digsitevisualization.calculation.query.QueryHandler [main] created query: {"column":"BEST","values":["'TOPO'"],"additionalParts":[{"operator":"or","column":"BEMERK","values":["'not:gruen'"]}]}
2022-02-11 08:02:57,342 INFO de.andrews.digsitevisualization.calculation.query.QueryHandler [main] Extraxted following query parts: [null[[digsiteyear.1.1, digsiteyear.4.4]], or[[digsiteyear.3.3, digsiteyear.4.4, digsiteyear.5.5]]]
2022-02-11 08:02:57,343 INFO de.andrews.digsitevisualization.calculation.query.QueryHandler [main] created query: {"column":"BEST","values":["'not:TOPO'"],"additionalParts":[{"operator":"or","column":"BEMERK","values":["'not:gruen'"]}]}
2022-02-11 08:02:57,343 INFO de.andrews.digsitevisualization.calculation.query.QueryHandler [main] Extraxted following query parts: [null[[digsiteyear.2.2, digsiteyear.3.3, digsiteyear.5.5, digsiteyear.6.6]], or[[digsiteyear.3.3, digsiteyear.4.4, digsiteyear.5.5]]]
2022-02-11 08:02:57,344 INFO de.andrews.digsitevisualization.calculation.query.QueryHandler [main] created query: {"column":"BEST","values":["'TOPO'"],"additionalParts":[{"operator":"and","column":"BEMERK","values":["'gruen'"]}]}
2022-02-11 08:02:57,344 INFO de.andrews.digsitevisualization.calculation.query.QueryHandler [main] Extraxted following query parts: [null[[digsiteyear.1.1, digsiteyear.4.4]], and[[digsiteyear.1.1, digsiteyear.2.2, digsiteyear.6.6]]]
2022-02-11 08:02:57,345 INFO de.andrews.digsitevisualization.calculation.query.QueryHandler [main] created query: {"column":"BEST","values":["'TOPO'"],"additionalParts":[{"operator":"and","column":"BEMERK","values":["'not:gruen'"]}]}
2022-02-11 08:02:57,345 INFO de.andrews.digsitevisualization.calculation.query.QueryHandler [main] Extraxted following query parts: [null[[digsiteyear.1.1, digsiteyear.4.4]], and[[digsiteyear.3.3, digsiteyear.4.4, digsiteyear.5.5]]]
2022-02-11 08:02:57,346 INFO de.andrews.digsitevisualization.calculation.query.QueryHandler [main] created query: {"column":"BEST","values":["'not:TOPO'"],"additionalParts":[{"operator":"and","column":"BEMERK","values":["'not:gruen'"]}]}
2022-02-11 08:02:57,346 INFO de.andrews.digsitevisualization.calculation.query.QueryHandler [main] Extraxted following query parts: [null[[digsiteyear.2.2, digsiteyear.3.3, digsiteyear.5.5, digsiteyear.6.6]], and[[digsiteyear.3.3, digsiteyear.4.4, digsiteyear.5.5]]]
2022-02-11 08:02:57,353 INFO org.springframework.test.context.support.AbstractTestContextBootstrapper [main] Neither @ContextConfiguration nor @ContextHierarchy found for test class [de.andrews.digsitevisualization.DigsiteVisualizationApplicationTests], using SpringBootContextLoader
2022-02-11 08:02:57,354 INFO org.springframework.test.context.support.AbstractContextLoader [main] Could not detect default resource locations for test class [de.andrews.digsitevisualization.DigsiteVisualizationApplicationTests]: no resource found for suffixes {-context.xml, Context.groovy}.
2022-02-11 08:02:57,354 INFO org.springframework.test.context.support.AnnotationConfigContextLoaderUtils [main] Could not detect default configuration classes for test class [de.andrews.digsitevisualization.DigsiteVisualizationApplicationTests]: DigsiteVisualizationApplicationTests does not declare any static, non-private, non-final, nested classes annotated with @Configuration.
2022-02-11 08:02:57,359 INFO org.springframework.boot.test.context.SpringBootTestContextBootstrapper [main] Found @SpringBootConfiguration de.andrews.digsitevisualization.DigsiteVisualizationApplication for test class de.andrews.digsitevisualization.DigsiteVisualizationApplicationTests
2022-02-11 08:02:57,360 INFO org.springframework.test.context.support.AbstractTestContextBootstrapper [main] Loaded default TestExecutionListener class names from location [META-INF/spring.factories]: [org.springframework.boot.test.mock.mockito.MockitoTestExecutionListener, org.springframework.boot.test.mock.mockito.ResetMocksTestExecutionListener, org.springframework.boot.test.autoconfigure.restdocs.RestDocsTestExecutionListener, org.springframework.boot.test.autoconfigure.web.client.MockRestServiceServerResetTestExecutionListener, org.springframework.boot.test.autoconfigure.web.servlet.MockMvcPrintOnlyOnFailureTestExecutionListener, org.springframework.boot.test.autoconfigure.web.servlet.WebDriverTestExecutionListener, org.springframework.test.context.web.ServletTestExecutionListener, org.springframework.test.context.support.DirtiesContextBeforeModesTestExecutionListener, org.springframework.test.context.support.DependencyInjectionTestExecutionListener, org.springframework.test.context.support.DirtiesContextTestExecutionListener, org.springframework.test.context.transaction.TransactionalTestExecutionListener, org.springframework.test.context.jdbc.SqlScriptsTestExecutionListener, org.springframework.test.context.event.EventPublishingTestExecutionListener]
2022-02-11 08:02:57,360 INFO org.springframework.test.context.support.AbstractTestContextBootstrapper [main] Using TestExecutionListeners: [org.springframework.test.context.web.ServletTestExecutionListener@2bab618, org.springframework.test.context.support.DirtiesContextBeforeModesTestExecutionListener@48bc2fce, org.springframework.boot.test.mock.mockito.MockitoTestExecutionListener@1eca3ea7, org.springframework.boot.test.autoconfigure.SpringBootDependencyInjectionTestExecutionListener@24fba488, org.springframework.test.context.support.DirtiesContextTestExecutionListener@73a6cc79, org.springframework.test.context.transaction.TransactionalTestExecutionListener@5a4d4f9c, org.springframework.test.context.jdbc.SqlScriptsTestExecutionListener@153d6d74, org.springframework.test.context.event.EventPublishingTestExecutionListener@6c9b44bf, org.springframework.boot.test.mock.mockito.ResetMocksTestExecutionListener@299b9851, org.springframework.boot.test.autoconfigure.restdocs.RestDocsTestExecutionListener@191a0351, org.springframework.boot.test.autoconfigure.web.client.MockRestServiceServerResetTestExecutionListener@67328bcb, org.springframework.boot.test.autoconfigure.web.servlet.MockMvcPrintOnlyOnFailureTestExecutionListener@51ba952e, org.springframework.boot.test.autoconfigure.web.servlet.WebDriverTestExecutionListener@2416c658]
2022-02-11 08:02:57,377 INFO org.springframework.scheduling.concurrent.ExecutorConfigurationSupport [SpringContextShutdownHook] Shutting down ExecutorService 'applicationTaskExecutor'
2022-02-11 08:04:21,618 INFO org.springframework.boot.StartupInfoLogger [main] Starting QueryHandlerTest on SpeedyGonzales with PID 19788 (started by Selina in D:\FundUS_final\mi-fundus-2122\server\digsite-visualization)
2022-02-11 08:04:21,620 INFO org.springframework.boot.SpringApplication [main] No active profile set, falling back to default profiles: default
2022-02-11 08:04:22,300 INFO org.springframework.scheduling.concurrent.ExecutorConfigurationSupport [main] Initializing ExecutorService 'applicationTaskExecutor'
2022-02-11 08:04:22,354 INFO org.springframework.boot.autoconfigure.web.servlet.WelcomePageHandlerMapping [main] Adding welcome page template: index
2022-02-11 08:04:22,534 INFO org.springframework.boot.StartupInfoLogger [main] Started QueryHandlerTest in 1.094 seconds (JVM running for 1.587)
2022-02-11 08:04:22,755 INFO de.andrews.digsitevisualization.calculation.query.QueryHandler [main] created query: {"column":"COL1","values":["'val1'"],"additionalParts":[]}
2022-02-11 08:04:22,764 INFO de.andrews.digsitevisualization.calculation.query.QueryHandler [main] created query: {"column":"COL1","values":["'val1'"],"additionalParts":[]}
2022-02-11 08:04:22,765 INFO de.andrews.digsitevisualization.calculation.query.QueryHandler [main] created query: {"column":"COL1","values":["'val1'","'val2'"],"additionalParts":[]}
2022-02-11 08:04:22,766 INFO de.andrews.digsitevisualization.calculation.query.QueryHandler [main] created query: {"column":"COL1","values":["'val1'","'val2'"],"additionalParts":[{"operator":"AND","column":"COL2","values":["'val3'","'val4'"]}]}
2022-02-11 08:04:22,767 INFO de.andrews.digsitevisualization.calculation.query.QueryHandler [main] created query: {"column":"COL1","values":["'val1'","'val2'"],"additionalParts":[{"operator":"OR","column":"COL2","values":["'val3'","'val4'"]},{"operator":"AND","column":"COL3","values":["'val5'","'val6'"]}]}
2022-02-11 08:04:22,768 INFO de.andrews.digsitevisualization.calculation.query.QueryHandler [main] created query: {"column":"COL1","values":["'val1'"],"additionalParts":[{"operator":"OR","column":"COL2","values":["'val2'","'val3'"]}]}
2022-02-11 08:04:22,771 INFO de.andrews.digsitevisualization.calculation.query.QueryHandler [main] created query: {"column":"BEST","values":["'TOPO'","'SURFACE'"],"additionalParts":[]}
2022-02-11 08:04:22,774 INFO de.andrews.digsitevisualization.calculation.query.QueryHandler [main] Extraxted following query parts: [null[[digsiteyear.1.1, digsiteyear.2.2, digsiteyear.3.3, digsiteyear.4.4]]]
2022-02-11 08:04:22,776 INFO de.andrews.digsitevisualization.calculation.query.QueryHandler [main] created query: {"column":"BEST","values":["'TOPO'","'SURFACE'"],"additionalParts":[{"operator":"AND","column":"BEMERK","values":["'not:rot'"]}]}
2022-02-11 08:04:22,777 INFO de.andrews.digsitevisualization.calculation.query.QueryHandler [main] Extraxted following query parts: [null[[digsiteyear.1.1, digsiteyear.2.2, digsiteyear.3.3, digsiteyear.4.4]], AND[[digsiteyear.1.1, digsiteyear.2.2, digsiteyear.6.6]]]
2022-02-11 08:04:22,784 INFO de.andrews.digsitevisualization.calculation.query.QueryHandler [main] created query: {"column":"BEST","values":["'TOPO'"],"additionalParts":[{"operator":"OR","column":"BEMERK","values":["'gruen'"]}]}
2022-02-11 08:04:22,785 INFO de.andrews.digsitevisualization.calculation.query.QueryHandler [main] Extraxted following query parts: [null[[digsiteyear.1.1, digsiteyear.4.4]], OR[[digsiteyear.1.1, digsiteyear.2.2, digsiteyear.6.6]]]
2022-02-11 08:04:22,786 INFO de.andrews.digsitevisualization.calculation.query.QueryHandler [main] created query: {"column":"BEST","values":["'TOPO'"],"additionalParts":[{"operator":"or","column":"BEMERK","values":["'not:gruen'"]}]}
2022-02-11 08:04:22,786 INFO de.andrews.digsitevisualization.calculation.query.QueryHandler [main] Extraxted following query parts: [null[[digsiteyear.1.1, digsiteyear.4.4]], or[[digsiteyear.3.3, digsiteyear.4.4, digsiteyear.5.5]]]
2022-02-11 08:04:22,787 INFO de.andrews.digsitevisualization.calculation.query.QueryHandler [main] created query: {"column":"BEST","values":["'not:TOPO'"],"additionalParts":[{"operator":"or","column":"BEMERK","values":["'not:gruen'"]}]}
2022-02-11 08:04:22,788 INFO de.andrews.digsitevisualization.calculation.query.QueryHandler [main] Extraxted following query parts: [null[[digsiteyear.2.2, digsiteyear.3.3, digsiteyear.5.5, digsiteyear.6.6]], or[[digsiteyear.3.3, digsiteyear.4.4, digsiteyear.5.5]]]
2022-02-11 08:04:22,788 INFO de.andrews.digsitevisualization.calculation.query.QueryHandler [main] created query: {"column":"BEST","values":["'TOPO'"],"additionalParts":[{"operator":"and","column":"BEMERK","values":["'gruen'"]}]}
2022-02-11 08:04:22,789 INFO de.andrews.digsitevisualization.calculation.query.QueryHandler [main] Extraxted following query parts: [null[[digsiteyear.1.1, digsiteyear.4.4]], and[[digsiteyear.1.1, digsiteyear.2.2, digsiteyear.6.6]]]
2022-02-11 08:04:22,789 INFO de.andrews.digsitevisualization.calculation.query.QueryHandler [main] created query: {"column":"BEST","values":["'TOPO'"],"additionalParts":[{"operator":"and","column":"BEMERK","values":["'not:gruen'"]}]}
2022-02-11 08:04:22,790 INFO de.andrews.digsitevisualization.calculation.query.QueryHandler [main] Extraxted following query parts: [null[[digsiteyear.1.1, digsiteyear.4.4]], and[[digsiteyear.3.3, digsiteyear.4.4, digsiteyear.5.5]]]
2022-02-11 08:04:22,791 INFO de.andrews.digsitevisualization.calculation.query.QueryHandler [main] created query: {"column":"BEST","values":["'not:TOPO'"],"additionalParts":[{"operator":"and","column":"BEMERK","values":["'not:gruen'"]}]}
2022-02-11 08:04:22,791 INFO de.andrews.digsitevisualization.calculation.query.QueryHandler [main] Extraxted following query parts: [null[[digsiteyear.2.2, digsiteyear.3.3, digsiteyear.5.5, digsiteyear.6.6]], and[[digsiteyear.3.3, digsiteyear.4.4, digsiteyear.5.5]]]
2022-02-11 08:04:22,799 INFO org.springframework.test.context.support.AbstractTestContextBootstrapper [main] Neither @ContextConfiguration nor @ContextHierarchy found for test class [de.andrews.digsitevisualization.DigsiteVisualizationApplicationTests], using SpringBootContextLoader
2022-02-11 08:04:22,799 INFO org.springframework.test.context.support.AbstractContextLoader [main] Could not detect default resource locations for test class [de.andrews.digsitevisualization.DigsiteVisualizationApplicationTests]: no resource found for suffixes {-context.xml, Context.groovy}.
2022-02-11 08:04:22,799 INFO org.springframework.test.context.support.AnnotationConfigContextLoaderUtils [main] Could not detect default configuration classes for test class [de.andrews.digsitevisualization.DigsiteVisualizationApplicationTests]: DigsiteVisualizationApplicationTests does not declare any static, non-private, non-final, nested classes annotated with @Configuration.
2022-02-11 08:04:22,804 INFO org.springframework.boot.test.context.SpringBootTestContextBootstrapper [main] Found @SpringBootConfiguration de.andrews.digsitevisualization.DigsiteVisualizationApplication for test class de.andrews.digsitevisualization.DigsiteVisualizationApplicationTests
2022-02-11 08:04:22,805 INFO org.springframework.test.context.support.AbstractTestContextBootstrapper [main] Loaded default TestExecutionListener class names from location [META-INF/spring.factories]: [org.springframework.boot.test.mock.mockito.MockitoTestExecutionListener, org.springframework.boot.test.mock.mockito.ResetMocksTestExecutionListener, org.springframework.boot.test.autoconfigure.restdocs.RestDocsTestExecutionListener, org.springframework.boot.test.autoconfigure.web.client.MockRestServiceServerResetTestExecutionListener, org.springframework.boot.test.autoconfigure.web.servlet.MockMvcPrintOnlyOnFailureTestExecutionListener, org.springframework.boot.test.autoconfigure.web.servlet.WebDriverTestExecutionListener, org.springframework.test.context.web.ServletTestExecutionListener, org.springframework.test.context.support.DirtiesContextBeforeModesTestExecutionListener, org.springframework.test.context.support.DependencyInjectionTestExecutionListener, org.springframework.test.context.support.DirtiesContextTestExecutionListener, org.springframework.test.context.transaction.TransactionalTestExecutionListener, org.springframework.test.context.jdbc.SqlScriptsTestExecutionListener, org.springframework.test.context.event.EventPublishingTestExecutionListener]
2022-02-11 08:04:22,806 INFO org.springframework.test.context.support.AbstractTestContextBootstrapper [main] Using TestExecutionListeners: [org.springframework.test.context.web.ServletTestExecutionListener@7e49ded, org.springframework.test.context.support.DirtiesContextBeforeModesTestExecutionListener@2c6c302f, org.springframework.boot.test.mock.mockito.MockitoTestExecutionListener@2478b629, org.springframework.boot.test.autoconfigure.SpringBootDependencyInjectionTestExecutionListener@39023dbf, org.springframework.test.context.support.DirtiesContextTestExecutionListener@1a2ac487, org.springframework.test.context.transaction.TransactionalTestExecutionListener@570a62a5, org.springframework.test.context.jdbc.SqlScriptsTestExecutionListener@36224f93, org.springframework.test.context.event.EventPublishingTestExecutionListener@1ee5632d, org.springframework.boot.test.mock.mockito.ResetMocksTestExecutionListener@52a7928a, org.springframework.boot.test.autoconfigure.restdocs.RestDocsTestExecutionListener@563ccd31, org.springframework.boot.test.autoconfigure.web.client.MockRestServiceServerResetTestExecutionListener@72465eb2, org.springframework.boot.test.autoconfigure.web.servlet.MockMvcPrintOnlyOnFailureTestExecutionListener@478fb7dc, org.springframework.boot.test.autoconfigure.web.servlet.WebDriverTestExecutionListener@29d25e65]
2022-02-11 08:04:22,820 INFO org.springframework.scheduling.concurrent.ExecutorConfigurationSupport [SpringContextShutdownHook] Shutting down ExecutorService 'applicationTaskExecutor'
2022-02-11 18:09:32,862 INFO org.springframework.boot.StartupInfoLogger [main] Starting QueryHandlerTest on SpeedyGonzales with PID 14604 (started by Selina in D:\FundUS_final\mi-fundus-2122\server\digsite-visualization)
2022-02-11 18:09:32,863 INFO org.springframework.boot.SpringApplication [main] No active profile set, falling back to default profiles: default
2022-02-11 18:09:33,525 INFO org.springframework.scheduling.concurrent.ExecutorConfigurationSupport [main] Initializing ExecutorService 'applicationTaskExecutor'
2022-02-11 18:09:33,577 INFO org.springframework.boot.autoconfigure.web.servlet.WelcomePageHandlerMapping [main] Adding welcome page template: index
2022-02-11 18:09:33,735 INFO org.springframework.boot.StartupInfoLogger [main] Started QueryHandlerTest in 1.046 seconds (JVM running for 1.55)
2022-02-11 18:09:33,950 INFO de.andrews.digsitevisualization.calculation.query.QueryHandler [main] created query: {"column":"COL1","values":["'val1'"],"additionalParts":[]}
2022-02-11 18:09:33,959 INFO de.andrews.digsitevisualization.calculation.query.QueryHandler [main] created query: {"column":"COL1","values":["'val1'"],"additionalParts":[]}
2022-02-11 18:09:33,960 INFO de.andrews.digsitevisualization.calculation.query.QueryHandler [main] created query: {"column":"COL1","values":["'val1'","'val2'"],"additionalParts":[]}
2022-02-11 18:09:33,961 INFO de.andrews.digsitevisualization.calculation.query.QueryHandler [main] created query: {"column":"COL1","values":["'val1'","'val2'"],"additionalParts":[{"operator":"AND","column":"COL2","values":["'val3'","'val4'"]}]}
2022-02-11 18:09:33,962 INFO de.andrews.digsitevisualization.calculation.query.QueryHandler [main] created query: {"column":"COL1","values":["'val1'","'val2'"],"additionalParts":[{"operator":"OR","column":"COL2","values":["'val3'","'val4'"]},{"operator":"AND","column":"COL3","values":["'val5'","'val6'"]}]}
2022-02-11 18:09:33,963 INFO de.andrews.digsitevisualization.calculation.query.QueryHandler [main] created query: {"column":"COL1","values":["'val1'"],"additionalParts":[{"operator":"OR","column":"COL2","values":["'val2'","'val3'"]}]}
2022-02-11 18:09:33,966 INFO de.andrews.digsitevisualization.calculation.query.QueryHandler [main] created query: {"column":"BEST","values":["'TOPO'","'SURFACE'"],"additionalParts":[]}
2022-02-11 18:09:33,969 INFO de.andrews.digsitevisualization.calculation.query.QueryHandler [main] Extraxted following query parts: [null[[digsiteyear.1.1, digsiteyear.2.2, digsiteyear.3.3, digsiteyear.4.4]]]
2022-02-11 18:09:33,970 INFO de.andrews.digsitevisualization.calculation.query.QueryHandler [main] created query: {"column":"BEST","values":["'TOPO'","'SURFACE'"],"additionalParts":[{"operator":"AND","column":"BEMERK","values":["'not:rot'"]}]}
2022-02-11 18:09:33,971 INFO de.andrews.digsitevisualization.calculation.query.QueryHandler [main] Extraxted following query parts: [null[[digsiteyear.1.1, digsiteyear.2.2, digsiteyear.3.3, digsiteyear.4.4]], AND[[digsiteyear.1.1, digsiteyear.2.2, digsiteyear.6.6]]]
2022-02-11 18:09:33,977 INFO de.andrews.digsitevisualization.calculation.query.QueryHandler [main] created query: {"column":"BEST","values":["'TOPO'"],"additionalParts":[{"operator":"OR","column":"BEMERK","values":["'gruen'"]}]}
2022-02-11 18:09:33,978 INFO de.andrews.digsitevisualization.calculation.query.QueryHandler [main] Extraxted following query parts: [null[[digsiteyear.1.1, digsiteyear.4.4]], OR[[digsiteyear.1.1, digsiteyear.2.2, digsiteyear.6.6]]]
2022-02-11 18:09:33,979 INFO de.andrews.digsitevisualization.calculation.query.QueryHandler [main] created query: {"column":"BEST","values":["'TOPO'"],"additionalParts":[{"operator":"or","column":"BEMERK","values":["'not:gruen'"]}]}
2022-02-11 18:09:33,980 INFO de.andrews.digsitevisualization.calculation.query.QueryHandler [main] Extraxted following query parts: [null[[digsiteyear.1.1, digsiteyear.4.4]], or[[digsiteyear.3.3, digsiteyear.4.4, digsiteyear.5.5]]]
2022-02-11 18:09:33,980 INFO de.andrews.digsitevisualization.calculation.query.QueryHandler [main] created query: {"column":"BEST","values":["'not:TOPO'"],"additionalParts":[{"operator":"or","column":"BEMERK","values":["'not:gruen'"]}]}
2022-02-11 18:09:33,981 INFO de.andrews.digsitevisualization.calculation.query.QueryHandler [main] Extraxted following query parts: [null[[digsiteyear.2.2, digsiteyear.3.3, digsiteyear.5.5, digsiteyear.6.6]], or[[digsiteyear.3.3, digsiteyear.4.4, digsiteyear.5.5]]]
2022-02-11 18:09:33,981 INFO de.andrews.digsitevisualization.calculation.query.QueryHandler [main] created query: {"column":"BEST","values":["'TOPO'"],"additionalParts":[{"operator":"and","column":"BEMERK","values":["'gruen'"]}]}
2022-02-11 18:09:33,982 INFO de.andrews.digsitevisualization.calculation.query.QueryHandler [main] Extraxted following query parts: [null[[digsiteyear.1.1, digsiteyear.4.4]], and[[digsiteyear.1.1, digsiteyear.2.2, digsiteyear.6.6]]]
2022-02-11 18:09:33,982 INFO de.andrews.digsitevisualization.calculation.query.QueryHandler [main] created query: {"column":"BEST","values":["'TOPO'"],"additionalParts":[{"operator":"and","column":"BEMERK","values":["'not:gruen'"]}]}
2022-02-11 18:09:33,983 INFO de.andrews.digsitevisualization.calculation.query.QueryHandler [main] Extraxted following query parts: [null[[digsiteyear.1.1, digsiteyear.4.4]], and[[digsiteyear.3.3, digsiteyear.4.4, digsiteyear.5.5]]]
2022-02-11 18:09:33,983 INFO de.andrews.digsitevisualization.calculation.query.QueryHandler [main] created query: {"column":"BEST","values":["'not:TOPO'"],"additionalParts":[{"operator":"and","column":"BEMERK","values":["'not:gruen'"]}]}
2022-02-11 18:09:33,984 INFO de.andrews.digsitevisualization.calculation.query.QueryHandler [main] Extraxted following query parts: [null[[digsiteyear.2.2, digsiteyear.3.3, digsiteyear.5.5, digsiteyear.6.6]], and[[digsiteyear.3.3, digsiteyear.4.4, digsiteyear.5.5]]]
2022-02-11 18:09:33,990 INFO org.springframework.test.context.support.AbstractTestContextBootstrapper [main] Neither @ContextConfiguration nor @ContextHierarchy found for test class [de.andrews.digsitevisualization.DigsiteVisualizationApplicationTests], using SpringBootContextLoader
2022-02-11 18:09:33,990 INFO org.springframework.test.context.support.AbstractContextLoader [main] Could not detect default resource locations for test class [de.andrews.digsitevisualization.DigsiteVisualizationApplicationTests]: no resource found for suffixes {-context.xml, Context.groovy}.
2022-02-11 18:09:33,990 INFO org.springframework.test.context.support.AnnotationConfigContextLoaderUtils [main] Could not detect default configuration classes for test class [de.andrews.digsitevisualization.DigsiteVisualizationApplicationTests]: DigsiteVisualizationApplicationTests does not declare any static, non-private, non-final, nested classes annotated with @Configuration.
2022-02-11 18:09:33,994 INFO org.springframework.boot.test.context.SpringBootTestContextBootstrapper [main] Found @SpringBootConfiguration de.andrews.digsitevisualization.DigsiteVisualizationApplication for test class de.andrews.digsitevisualization.DigsiteVisualizationApplicationTests
2022-02-11 18:09:33,995 INFO org.springframework.test.context.support.AbstractTestContextBootstrapper [main] Loaded default TestExecutionListener class names from location [META-INF/spring.factories]: [org.springframework.boot.test.mock.mockito.MockitoTestExecutionListener, org.springframework.boot.test.mock.mockito.ResetMocksTestExecutionListener, org.springframework.boot.test.autoconfigure.restdocs.RestDocsTestExecutionListener, org.springframework.boot.test.autoconfigure.web.client.MockRestServiceServerResetTestExecutionListener, org.springframework.boot.test.autoconfigure.web.servlet.MockMvcPrintOnlyOnFailureTestExecutionListener, org.springframework.boot.test.autoconfigure.web.servlet.WebDriverTestExecutionListener, org.springframework.test.context.web.ServletTestExecutionListener, org.springframework.test.context.support.DirtiesContextBeforeModesTestExecutionListener, org.springframework.test.context.support.DependencyInjectionTestExecutionListener, org.springframework.test.context.support.DirtiesContextTestExecutionListener, org.springframework.test.context.transaction.TransactionalTestExecutionListener, org.springframework.test.context.jdbc.SqlScriptsTestExecutionListener, org.springframework.test.context.event.EventPublishingTestExecutionListener]
2022-02-11 18:09:33,996 INFO org.springframework.test.context.support.AbstractTestContextBootstrapper [main] Using TestExecutionListeners: [org.springframework.test.context.web.ServletTestExecutionListener@51ba952e, org.springframework.test.context.support.DirtiesContextBeforeModesTestExecutionListener@2416c658, org.springframework.boot.test.mock.mockito.MockitoTestExecutionListener@6d5f4900, org.springframework.boot.test.autoconfigure.SpringBootDependencyInjectionTestExecutionListener@1e40fbb3, org.springframework.test.context.support.DirtiesContextTestExecutionListener@1b560eb0, org.springframework.test.context.transaction.TransactionalTestExecutionListener@9e02f84, org.springframework.test.context.jdbc.SqlScriptsTestExecutionListener@1e6060f1, org.springframework.test.context.event.EventPublishingTestExecutionListener@7e49ded, org.springframework.boot.test.mock.mockito.ResetMocksTestExecutionListener@2c6c302f, org.springframework.boot.test.autoconfigure.restdocs.RestDocsTestExecutionListener@2478b629, org.springframework.boot.test.autoconfigure.web.client.MockRestServiceServerResetTestExecutionListener@39023dbf, org.springframework.boot.test.autoconfigure.web.servlet.MockMvcPrintOnlyOnFailureTestExecutionListener@1a2ac487, org.springframework.boot.test.autoconfigure.web.servlet.WebDriverTestExecutionListener@570a62a5]
2022-02-11 18:09:34,011 INFO org.springframework.scheduling.concurrent.ExecutorConfigurationSupport [SpringContextShutdownHook] Shutting down ExecutorService 'applicationTaskExecutor'
